Case #1: 9 4
Case #2: 1 1
Case #3: 8 3
Case #4: 6 4
Case #5: 0 0
Case #6: 8 3
Case #7: 7 2
Case #8: 0 0
Case #9: 10 10
Case #10: 0 0
Case #11: 9 3
Case #12: 8 2
Case #13: 6 4
Case #14: 6 1
Case #15: 9 2
Case #16: 2 2
Case #17: 10 4
Case #18: 0 0
Case #19: 0 0
Case #20: 3 2
Case #21: 3 3
Case #22: 10 10
Case #23: 7 1
Case #24: 5 1
Case #25: 10 10
Case #26: 2 1
Case #27: 2 1
Case #28: 9 9
Case #29: 9 3
Case #30: 5 1
Case #31: 8 4
Case #32: 7 1
Case #33: 0 0
Case #34: 4 2
Case #35: 7 3
Case #36: 0 0
Case #37: 6 1
Case #38: 3 2
Case #39: 0 0
Case #40: 2 2
Case #41: 5 1
Case #42: 6 1
Case #43: 5 2
Case #44: 7 1
Case #45: 10 10
Case #46: 9 2
Case #47: 8 8
Case #48: 1 1
Case #49: 7 1
Case #50: 2 2
